
========================================
[2026-07-10T08:13:55.348Z] TO: customer@example.com
SUBJECT: Order Confirmed: Invoice #88e12b
----------------------------------------

    <div style="background-color: #05060A; color: #E4E4E7; font-family: sans-serif; padding: 40px; max-width: 600px; margin: 0 auto; border: 1px solid #1E293B; border-radius: 12px;">
      <h1 style="color: #00F5D4; text-align: center; font-size: 24px; font-weight: 800; letter-spacing: -0.5px;">ELVARIS TECHNOLOGIES</h1>
      <p style="text-align: center; color: #A1A1AA; font-size: 14px; margin-bottom: 30px;">Thank you for your purchase. Your payment has been confirmed.</p>
      
      <div style="background-color: #0B0D14; border: 1px solid #1E293B; padding: 20px; border-radius: 8px; margin-bottom: 25px;">
        <h3 style="margin-top: 0; color: #F4F4F5; font-size: 14px; border-bottom: 1px solid #1E293B; padding-bottom: 10px;">ORDER DETAILS</h3>
        <table style="width: 100%; font-size: 12px; line-height: 20px;">
          <tr>
            <td style="color: #A1A1AA;">Order ID:</td>
            <td style="text-align: right; color: #F4F4F5; font-family: monospace;">#64f8a20de29c4882bf88e12b</td>
          </tr>
          <tr>
            <td style="color: #A1A1AA;">Indicator:</td>
            <td style="text-align: right; color: #F4F4F5; font-weight: bold;">SMC Pro Algos</td>
          </tr>
          <tr>
            <td style="color: #A1A1AA;">Licensing Plan:</td>
            <td style="text-align: right; color: #F4F4F5; text-transform: uppercase;">monthly</td>
          </tr>
          <tr>
            <td style="color: #A1A1AA; padding-top: 10px; font-weight: bold;">Total Paid:</td>
            <td style="text-align: right; color: #00F5D4; padding-top: 10px; font-weight: bold; font-size: 14px;">$49 USD</td>
          </tr>
        </table>
      </div>

      <div style="background-color: #1E1B4B; border: 1px solid #4338CA; border-radius: 8px; padding: 15px; margin-bottom: 30px;">
        <p style="margin: 0; font-size: 12px; color: #C7D2FE; line-height: 18px; text-align: center;">
          <strong>Next Step:</strong> Link your TradingView username in your Elvaris Dashboard settings so we can authorize your account access immediately.
        </p>
      </div>

      <div style="text-align: center;">
        <a href="http://localhost:5173/login" style="background: linear-gradient(90deg, #3B82F6 0%, #8B5CF6 100%); color: #ffffff; text-decoration: none; padding: 12px 24px; font-size: 12px; font-weight: bold; border-radius: 8px; display: inline-block;">
          Go to Elvaris Settings
        </a>
      </div>
      
      <p style="font-size: 10px; color: #71717A; text-align: center; margin-top: 40px; border-top: 1px solid #1E293B; padding-top: 20px;">
        This is an automated receipt. For assistance or support, please reply directly or contact support@elvaris.com.
      </p>
    </div>
  
========================================

========================================
[2026-07-10T08:13:55.355Z] TO: customer@example.com
SUBJECT: TradingView Access Granted: SMC Pro Algos
----------------------------------------

    <div style="background-color: #05060A; color: #E4E4E7; font-family: sans-serif; padding: 40px; max-width: 600px; margin: 0 auto; border: 1px solid #1E293B; border-radius: 12px;">
      <h1 style="color: #8B5CF6; text-align: center; font-size: 24px; font-weight: 800;">ELVARIS ACCESS AGENT</h1>
      <p style="text-align: center; color: #A1A1AA; font-size: 14px; margin-bottom: 30px;">Your indicator script invitation access status has been updated.</p>

      <div style="background-color: #0B0D14; border: 1px solid #1E293B; padding: 20px; border-radius: 8px; margin-bottom: 25px; text-align: left;">
        <table style="width: 100%; font-size: 12px; line-height: 22px;">
          <tr>
            <td style="color: #A1A1AA;">TradingView User:</td>
            <td style="text-align: right; color: #F4F4F5; font-family: monospace;">@trader_joe</td>
          </tr>
          <tr>
            <td style="color: #A1A1AA;">Indicator Package:</td>
            <td style="text-align: right; color: #F4F4F5; font-weight: bold;">SMC Pro Algos</td>
          </tr>
          <tr>
            <td style="color: #A1A1AA;">Access Status:</td>
            <td style="text-align: right; color: #00F5D4; font-weight: bold; letter-spacing: 0.5px;">GRANTED</td>
          </tr>
        </table>
      </div>

      
        <div style="background-color: #022C22; border: 1px solid #065F46; border-radius: 8px; padding: 15px; margin-bottom: 30px; text-align: left;">
          <h4 style="margin: 0 0 5px 0; color: #34D399; font-size: 13px;">How to load the indicator:</h4>
          <ol style="margin: 0; padding-left: 20px; font-size: 12px; color: #A7F3D0; line-height: 18px;">
            <li>Open a new chart on TradingView.com.</li>
            <li>Click on <strong>Indicators</strong> (top toolbar).</li>
            <li>Select <strong>Invite-only scripts</strong> in the left sidebar menu.</li>
            <li>Click <strong>SMC Pro Algos</strong> to add it to your chart layout.</li>
          </ol>
        </div>
      

      <div style="text-align: center;">
        <a href="https://tradingview.com" target="_blank" style="background-color: #1E293B; border: 1px solid #334155; color: #ffffff; text-decoration: none; padding: 12px 24px; font-size: 12px; font-weight: bold; border-radius: 8px; display: inline-block;">
          Open TradingView Chart
        </a>
      </div>
      
      <p style="font-size: 10px; color: #71717A; text-align: center; margin-top: 40px; border-top: 1px solid #1E293B; padding-top: 20px;">
        If you experience issues loaded scripts, double-check your username spelling in your dashboard settings page or open a ticket.
      </p>
    </div>
  
========================================

========================================
[2026-07-10T08:13:55.356Z] TO: customer@example.com
SUBJECT: Action Required: Subscription Renewing in 3 Days (SMC Pro Algos)
----------------------------------------

    <div style="background-color: #05060A; color: #E4E4E7; font-family: sans-serif; padding: 40px; max-width: 600px; margin: 0 auto; border: 1px solid #1E293B; border-radius: 12px;">
      <h1 style="color: #EF4444; text-align: center; font-size: 24px; font-weight: 800;">Renewal Notification</h1>
      <p style="text-align: center; color: #A1A1AA; font-size: 14px; line-height: 20px; margin-bottom: 30px;">
        Your subscription for SMC Pro Algos will expire in 3 days. Renew now to avoid losing invite-only access.
      </p>

      <div style="background-color: #0B0D14; border: 1px solid #1E293B; padding: 20px; border-radius: 8px; margin-bottom: 30px; text-align: left;">
        <h4 style="margin: 0 0 10px 0; color: #F4F4F5; font-size: 13px;">INDICATOR STATUS SUMMARY</h4>
        <table style="width: 100%; font-size: 12px; line-height: 20px;">
          <tr>
            <td style="color: #A1A1AA;">Script Name:</td>
            <td style="text-align: right; color: #F4F4F5; font-weight: bold;">SMC Pro Algos</td>
          </tr>
          <tr>
            <td style="color: #A1A1AA;">Time Remaining:</td>
            <td style="text-align: right; color: #F59E0B; font-weight: bold;">
              3 Days
            </td>
          </tr>
        </table>
      </div>

      <div style="text-align: center;">
        <a href="http://localhost:5173/pricing" style="background-color: #EF4444; color: #ffffff; text-decoration: none; padding: 12px 24px; font-size: 12px; font-weight: bold; border-radius: 8px; display: inline-block;">
          Renew Subscription
        </a>
      </div>
      
      <p style="font-size: 10px; color: #71717A; text-align: center; margin-top: 40px; border-top: 1px solid #1E293B; padding-top: 20px;">
        If you have questions regarding billing details, contact support@elvaris.com.
      </p>
    </div>
  
========================================

========================================
[2026-07-10T08:14:54.970Z] TO: jobtester@example.com
SUBJECT: Subscription Expired: Mock Script Pro
----------------------------------------

    <div style="background-color: #05060A; color: #E4E4E7; font-family: sans-serif; padding: 40px; max-width: 600px; margin: 0 auto; border: 1px solid #1E293B; border-radius: 12px;">
      <h1 style="color: #EF4444; text-align: center; font-size: 24px; font-weight: 800;">Subscription Expired</h1>
      <p style="text-align: center; color: #A1A1AA; font-size: 14px; line-height: 20px; margin-bottom: 30px;">
        Your subscription for Mock Script Pro has expired. Invite-only TradingView scripts access has been revoked.
      </p>

      <div style="background-color: #0B0D14; border: 1px solid #1E293B; padding: 20px; border-radius: 8px; margin-bottom: 30px; text-align: left;">
        <h4 style="margin: 0 0 10px 0; color: #F4F4F5; font-size: 13px;">INDICATOR STATUS SUMMARY</h4>
        <table style="width: 100%; font-size: 12px; line-height: 20px;">
          <tr>
            <td style="color: #A1A1AA;">Script Name:</td>
            <td style="text-align: right; color: #F4F4F5; font-weight: bold;">Mock Script Pro</td>
          </tr>
          <tr>
            <td style="color: #A1A1AA;">Time Remaining:</td>
            <td style="text-align: right; color: #EF4444; font-weight: bold;">
              0 Days (Expired)
            </td>
          </tr>
        </table>
      </div>

      <div style="text-align: center;">
        <a href="http://localhost:5173/pricing" style="background-color: #EF4444; color: #ffffff; text-decoration: none; padding: 12px 24px; font-size: 12px; font-weight: bold; border-radius: 8px; display: inline-block;">
          Resubscribe Now
        </a>
      </div>
      
      <p style="font-size: 10px; color: #71717A; text-align: center; margin-top: 40px; border-top: 1px solid #1E293B; padding-top: 20px;">
        If you have questions regarding billing details, contact support@elvaris.com.
      </p>
    </div>
  
========================================

========================================
[2026-07-10T08:15:04.740Z] TO: jobtester@example.com
SUBJECT: Subscription Expired: Mock Script Pro
----------------------------------------

    <div style="background-color: #05060A; color: #E4E4E7; font-family: sans-serif; padding: 40px; max-width: 600px; margin: 0 auto; border: 1px solid #1E293B; border-radius: 12px;">
      <h1 style="color: #EF4444; text-align: center; font-size: 24px; font-weight: 800;">Subscription Expired</h1>
      <p style="text-align: center; color: #A1A1AA; font-size: 14px; line-height: 20px; margin-bottom: 30px;">
        Your subscription for Mock Script Pro has expired. Invite-only TradingView scripts access has been revoked.
      </p>

      <div style="background-color: #0B0D14; border: 1px solid #1E293B; padding: 20px; border-radius: 8px; margin-bottom: 30px; text-align: left;">
        <h4 style="margin: 0 0 10px 0; color: #F4F4F5; font-size: 13px;">INDICATOR STATUS SUMMARY</h4>
        <table style="width: 100%; font-size: 12px; line-height: 20px;">
          <tr>
            <td style="color: #A1A1AA;">Script Name:</td>
            <td style="text-align: right; color: #F4F4F5; font-weight: bold;">Mock Script Pro</td>
          </tr>
          <tr>
            <td style="color: #A1A1AA;">Time Remaining:</td>
            <td style="text-align: right; color: #EF4444; font-weight: bold;">
              0 Days (Expired)
            </td>
          </tr>
        </table>
      </div>

      <div style="text-align: center;">
        <a href="http://localhost:5173/pricing" style="background-color: #EF4444; color: #ffffff; text-decoration: none; padding: 12px 24px; font-size: 12px; font-weight: bold; border-radius: 8px; display: inline-block;">
          Resubscribe Now
        </a>
      </div>
      
      <p style="font-size: 10px; color: #71717A; text-align: center; margin-top: 40px; border-top: 1px solid #1E293B; padding-top: 20px;">
        If you have questions regarding billing details, contact support@elvaris.com.
      </p>
    </div>
  
========================================

========================================
[2026-07-10T08:31:03.084Z] TO: syscustomer@elvaris.com
SUBJECT: Subscription Expired: SysCheck Premium Algo
----------------------------------------

    <div style="background-color: #05060A; color: #E4E4E7; font-family: sans-serif; padding: 40px; max-width: 600px; margin: 0 auto; border: 1px solid #1E293B; border-radius: 12px;">
      <h1 style="color: #EF4444; text-align: center; font-size: 24px; font-weight: 800;">Subscription Expired</h1>
      <p style="text-align: center; color: #A1A1AA; font-size: 14px; line-height: 20px; margin-bottom: 30px;">
        Your subscription for SysCheck Premium Algo has expired. Invite-only TradingView scripts access has been revoked.
      </p>

      <div style="background-color: #0B0D14; border: 1px solid #1E293B; padding: 20px; border-radius: 8px; margin-bottom: 30px; text-align: left;">
        <h4 style="margin: 0 0 10px 0; color: #F4F4F5; font-size: 13px;">INDICATOR STATUS SUMMARY</h4>
        <table style="width: 100%; font-size: 12px; line-height: 20px;">
          <tr>
            <td style="color: #A1A1AA;">Script Name:</td>
            <td style="text-align: right; color: #F4F4F5; font-weight: bold;">SysCheck Premium Algo</td>
          </tr>
          <tr>
            <td style="color: #A1A1AA;">Time Remaining:</td>
            <td style="text-align: right; color: #EF4444; font-weight: bold;">
              0 Days (Expired)
            </td>
          </tr>
        </table>
      </div>

      <div style="text-align: center;">
        <a href="http://localhost:5173/pricing" style="background-color: #EF4444; color: #ffffff; text-decoration: none; padding: 12px 24px; font-size: 12px; font-weight: bold; border-radius: 8px; display: inline-block;">
          Resubscribe Now
        </a>
      </div>
      
      <p style="font-size: 10px; color: #71717A; text-align: center; margin-top: 40px; border-top: 1px solid #1E293B; padding-top: 20px;">
        If you have questions regarding billing details, contact support@elvaris.com.
      </p>
    </div>
  
========================================

========================================
[2026-07-10T08:32:08.721Z] TO: syscustomer@elvaris.com
SUBJECT: Subscription Expired: SysCheck Premium Algo
----------------------------------------

    <div style="background-color: #05060A; color: #E4E4E7; font-family: sans-serif; padding: 40px; max-width: 600px; margin: 0 auto; border: 1px solid #1E293B; border-radius: 12px;">
      <h1 style="color: #EF4444; text-align: center; font-size: 24px; font-weight: 800;">Subscription Expired</h1>
      <p style="text-align: center; color: #A1A1AA; font-size: 14px; line-height: 20px; margin-bottom: 30px;">
        Your subscription for SysCheck Premium Algo has expired. Invite-only TradingView scripts access has been revoked.
      </p>

      <div style="background-color: #0B0D14; border: 1px solid #1E293B; padding: 20px; border-radius: 8px; margin-bottom: 30px; text-align: left;">
        <h4 style="margin: 0 0 10px 0; color: #F4F4F5; font-size: 13px;">INDICATOR STATUS SUMMARY</h4>
        <table style="width: 100%; font-size: 12px; line-height: 20px;">
          <tr>
            <td style="color: #A1A1AA;">Script Name:</td>
            <td style="text-align: right; color: #F4F4F5; font-weight: bold;">SysCheck Premium Algo</td>
          </tr>
          <tr>
            <td style="color: #A1A1AA;">Time Remaining:</td>
            <td style="text-align: right; color: #EF4444; font-weight: bold;">
              0 Days (Expired)
            </td>
          </tr>
        </table>
      </div>

      <div style="text-align: center;">
        <a href="http://localhost:5173/pricing" style="background-color: #EF4444; color: #ffffff; text-decoration: none; padding: 12px 24px; font-size: 12px; font-weight: bold; border-radius: 8px; display: inline-block;">
          Resubscribe Now
        </a>
      </div>
      
      <p style="font-size: 10px; color: #71717A; text-align: center; margin-top: 40px; border-top: 1px solid #1E293B; padding-top: 20px;">
        If you have questions regarding billing details, contact support@elvaris.com.
      </p>
    </div>
  
========================================

========================================
[2026-07-10T08:32:23.748Z] TO: syscustomer@elvaris.com
SUBJECT: Subscription Expired: SysCheck Premium Algo
----------------------------------------

    <div style="background-color: #05060A; color: #E4E4E7; font-family: sans-serif; padding: 40px; max-width: 600px; margin: 0 auto; border: 1px solid #1E293B; border-radius: 12px;">
      <h1 style="color: #EF4444; text-align: center; font-size: 24px; font-weight: 800;">Subscription Expired</h1>
      <p style="text-align: center; color: #A1A1AA; font-size: 14px; line-height: 20px; margin-bottom: 30px;">
        Your subscription for SysCheck Premium Algo has expired. Invite-only TradingView scripts access has been revoked.
      </p>

      <div style="background-color: #0B0D14; border: 1px solid #1E293B; padding: 20px; border-radius: 8px; margin-bottom: 30px; text-align: left;">
        <h4 style="margin: 0 0 10px 0; color: #F4F4F5; font-size: 13px;">INDICATOR STATUS SUMMARY</h4>
        <table style="width: 100%; font-size: 12px; line-height: 20px;">
          <tr>
            <td style="color: #A1A1AA;">Script Name:</td>
            <td style="text-align: right; color: #F4F4F5; font-weight: bold;">SysCheck Premium Algo</td>
          </tr>
          <tr>
            <td style="color: #A1A1AA;">Time Remaining:</td>
            <td style="text-align: right; color: #EF4444; font-weight: bold;">
              0 Days (Expired)
            </td>
          </tr>
        </table>
      </div>

      <div style="text-align: center;">
        <a href="http://localhost:5173/pricing" style="background-color: #EF4444; color: #ffffff; text-decoration: none; padding: 12px 24px; font-size: 12px; font-weight: bold; border-radius: 8px; display: inline-block;">
          Resubscribe Now
        </a>
      </div>
      
      <p style="font-size: 10px; color: #71717A; text-align: center; margin-top: 40px; border-top: 1px solid #1E293B; padding-top: 20px;">
        If you have questions regarding billing details, contact support@elvaris.com.
      </p>
    </div>
  
========================================

========================================
[2026-07-10T10:03:07.364Z] TO: syscustomer@elvaris.com
SUBJECT: Subscription Expired: SysCheck Premium Algo
----------------------------------------

    <div style="background-color: #05060A; color: #E4E4E7; font-family: sans-serif; padding: 40px; max-width: 600px; margin: 0 auto; border: 1px solid #1E293B; border-radius: 12px;">
      <h1 style="color: #EF4444; text-align: center; font-size: 24px; font-weight: 800;">Subscription Expired</h1>
      <p style="text-align: center; color: #A1A1AA; font-size: 14px; line-height: 20px; margin-bottom: 30px;">
        Your subscription for SysCheck Premium Algo has expired. Invite-only TradingView scripts access has been revoked.
      </p>

      <div style="background-color: #0B0D14; border: 1px solid #1E293B; padding: 20px; border-radius: 8px; margin-bottom: 30px; text-align: left;">
        <h4 style="margin: 0 0 10px 0; color: #F4F4F5; font-size: 13px;">INDICATOR STATUS SUMMARY</h4>
        <table style="width: 100%; font-size: 12px; line-height: 20px;">
          <tr>
            <td style="color: #A1A1AA;">Script Name:</td>
            <td style="text-align: right; color: #F4F4F5; font-weight: bold;">SysCheck Premium Algo</td>
          </tr>
          <tr>
            <td style="color: #A1A1AA;">Time Remaining:</td>
            <td style="text-align: right; color: #EF4444; font-weight: bold;">
              0 Days (Expired)
            </td>
          </tr>
        </table>
      </div>

      <div style="text-align: center;">
        <a href="http://localhost:5173/pricing" style="background-color: #EF4444; color: #ffffff; text-decoration: none; padding: 12px 24px; font-size: 12px; font-weight: bold; border-radius: 8px; display: inline-block;">
          Resubscribe Now
        </a>
      </div>
      
      <p style="font-size: 10px; color: #71717A; text-align: center; margin-top: 40px; border-top: 1px solid #1E293B; padding-top: 20px;">
        If you have questions regarding billing details, contact support@elvaris.com.
      </p>
    </div>
  
========================================
